#
# A fatal error has been detected by the Java Runtime Environment:
#
#  SIGSEGV (0xb) at pc=0x00000001061cba94, pid=83240, tid=10243
#
# JRE version: OpenJDK Runtime Environment AdoptOpenJDK-11.0.11+9 (11.0.11+9) (build 11.0.11+9)
# Java VM: OpenJDK 64-Bit Server VM AdoptOpenJDK-11.0.11+9 (11.0.11+9, mixed mode, tiered, compressed oops, g1 gc, bsd-amd64)
# Problematic frame:
# V  [libjvm.dylib+0x1cba94]  AccessInternal::PostRuntimeDispatch<G1BarrierSet::AccessBarrier<1097844ull, G1BarrierSet>, (AccessInternal::BarrierType)2, 1097844ull>::oop_access_barrier(void*)+0x4
#
# No core dump will be written. Core dumps have been disabled. To enable core dumping, try "ulimit -c unlimited" before starting Java again
#
# If you would like to submit a bug report, please visit:
#   https://github.com/AdoptOpenJDK/openjdk-support/issues
#

---------------  S U M M A R Y ------------

Command Line: -Dfile.encoding=UTF-8 org.eclipse.persistence.internal.libraries.asm.util.CheckClassAdapter$1

Host: MacBookAir7,2 x86_64 1600 MHz, 4 cores, 8G, Darwin 20.5.0
Time: Tue Jul 13 19:58:21 2021 CST elapsed time: 0.629679 seconds (0d 0h 0m 0s)

---------------  T H R E A D  ---------------

Current thread (0x00007fd7f3016000):  JavaThread "main" [_thread_in_vm, id=10243, stack(0x00007000038fa000,0x00007000039fa000)]

Stack: [0x00007000038fa000,0x00007000039fa000],  sp=0x00007000039f9e00,  free space=1023k
Native frames: (J=compiled Java code, A=aot compiled Java code, j=interpreted, Vv=VM code, C=native code)
V  [libjvm.dylib+0x1cba94]  AccessInternal::PostRuntimeDispatch<G1BarrierSet::AccessBarrier<1097844ull, G1BarrierSet>, (AccessInternal::BarrierType)2, 1097844ull>::oop_access_barrier(void*)+0x4
V  [libjvm.dylib+0x3fdec2]  jni_GetStringUTFChars+0xe1
C  [libjli.dylib+0x714f]  PostJVMInit+0xad
C  [libjli.dylib+0x4ac4]  JavaMain+0xa4b
C  [libsystem_pthread.dylib+0x68fc]  _pthread_start+0xe0
C  [libsystem_pthread.dylib+0x2443]  thread_start+0xf


siginfo: si_signo: 11 (SIGSEGV), si_code: 1 (SEGV_MAPERR), si_addr: 0x0000000000000000

Register to memory mapping:

RAX=0x0 is NULL
RBX=0x0 is NULL
RCX=0x000000010697e388: jni_NativeInterface+0 in /Library/Java/JavaVirtualMachines/adoptopenjdk-11.jdk/Contents/Home/lib/server/libjvm.dylib at 0x0000000106000000
RDX=0x0 is NULL
RSP=0x00007000039f9e00 is pointing into the stack for thread: 0x00007fd7f3016000
RBP=0x00007000039f9e00 is pointing into the stack for thread: 0x00007fd7f3016000
RSI=0x0 is NULL
RDI=0x0 is NULL
R8 =0x000000011e509d80 points into unknown readable memory: 0x2020202020202020 | 20 20 20 20 20 20 20 20
R9 =0x0 is NULL
R10=0x00000001069dbae0: _ZN19TemplateInterpreter13_active_tableE+0x4800 in /Library/Java/JavaVirtualMachines/adoptopenjdk-11.jdk/Contents/Home/lib/server/libjvm.dylib at 0x0000000106000000
R11=0x0000000124cd8f00 is pointing into metadata
R12=0x00007fd7f3016348 points into unknown readable memory: 0x000000010697e388 | 88 e3 97 06 01 00 00 00
R13=0x0 is NULL
R14=0x00007fd7f3016000 is a thread
R15=0x0 is NULL


Registers:
RAX=0x0000000000000000, RBX=0x0000000000000000, RCX=0x000000010697e388, RDX=0x0000000000000000
RSP=0x00007000039f9e00, RBP=0x00007000039f9e00, RSI=0x0000000000000000, RDI=0x0000000000000000
R8 =0x000000011e509d80, R9 =0x0000000000000000, R10=0x00000001069dbae0, R11=0x0000000124cd8f00
R12=0x00007fd7f3016348, R13=0x0000000000000000, R14=0x00007fd7f3016000, R15=0x0000000000000000
RIP=0x00000001061cba94, EFLAGS=0x0000000000010246, ERR=0x0000000000000004
  TRAPNO=0x000000000000000e

Top of Stack: (sp=0x00007000039f9e00)
0x00007000039f9e00:   00007000039f9e90 00000001063fdec2
0x00007000039f9e10:   00007000039f9e30 00000001063cbc6c
0x00007000039f9e20:   00007fd70000000c 0000000000000000
0x00007000039f9e30:   26a81bce7d0c0088 00007fd7f3016000
0x00007000039f9e40:   0000000000000000 00000001063cbc6c
0x00007000039f9e50:   26a81bce7d0c0088 00007fd7f3016000
0x00007000039f9e60:   00007000039f9e90 00007fd7f3016348
0x00007000039f9e70:   00007fd7f2518950 0000000000000000
0x00007000039f9e80:   0000000000000000 00007fd7f2518958
0x00007000039f9e90:   00007000039f9f20 000000010339214f
0x00007000039f9ea0:   00007fd7f2517a48 00007fd7f2517b40
0x00007000039f9eb0:   00007000039f9ee0 00000001063ebba1
0x00007000039f9ec0:   26a81bce7d0c0088 00007fd7f3016000
0x00007000039f9ed0:   00007000039f9ef0 00000001063cbc6c
0x00007000039f9ee0:   00007fd7f2517a48 00007fd7f2517b40
0x00007000039f9ef0:   00007000039f9f20 26a81bce7d0c0088
0x00007000039f9f00:   00007fd7f3016348 00007fd7f2518950
0x00007000039f9f10:   00007fd7f2518968 00007fd7f2518958
0x00007000039f9f20:   00007000039f9fb0 000000010338fac4
0x00007000039f9f30:   0000000000000000 0005c70bb0554fcb
0x00007000039f9f40:   0000000400010002 00007fd7f26064b0
0x00007000039f9f50:   0000000000000000 0000000000000000
0x00007000039f9f60:   00007fd7f24044b8 0000000000000001
0x00007000039f9f70:   00007fd7f2404420 00007fd7f3016348
0x00007000039f9f80:   000000010697e380 00007000039fa000
0x00007000039f9f90:   0000000000000000 0000000000000000
0x00007000039f9fa0:   0000000000000000 0000000000000000
0x00007000039f9fb0:   00007000039f9fd0 00007fff205468fc
0x00007000039f9fc0:   0000000000000000 0000000000000000
0x00007000039f9fd0:   00007000039f9ff0 00007fff20542443
0x00007000039f9fe0:   0000000000000000 0000000000000000
0x00007000039f9ff0:   0000000000000000 0000000000000000 

Instructions: (pc=0x00000001061cba94)
0x00000001061cb994:   ff 17 48 8b 18 48 8b 03 48 89 df ff 50 28 84 c0
0x00000001061cb9a4:   74 14 48 83 c3 28 48 89 df eb 4a 45 31 f6 4c 89
0x00000001061cb9b4:   f0 5b 41 5e 5d c3 48 8d 05 67 38 80 00 48 8b 18
0x00000001061cb9c4:   48 85 db 74 25 48 89 df e8 21 d0 42 00 48 8d 3d
0x00000001061cb9d4:   70 51 80 00 48 83 c7 68 4c 89 f6 e8 96 a5 4a 00
0x00000001061cb9e4:   48 89 df e8 a0 d0 42 00 eb c4 48 8d 3d 53 51 80
0x00000001061cb9f4:   00 48 83 c7 68 4c 89 f6 e8 79 a5 4a 00 eb af 90
0x00000001061cba04:   55 48 89 e5 53 50 48 89 fb 48 8d 05 64 25 7f 00
0x00000001061cba14:   80 38 00 74 07 e8 1a 00 00 00 eb 05 e8 3b 5d 00
0x00000001061cba24:   00 48 89 05 24 f5 7a 00 48 89 df 48 83 c4 08 5b
0x00000001061cba34:   5d ff e0 90 48 8d 05 01 b8 7e 00 48 8b 00 8b 40
0x00000001061cba44:   10 ff c8 83 f8 04 73 0e 48 98 48 8d 0d db 1a 77
0x00000001061cba54:   00 48 8b 04 c1 c3 55 48 89 e5 48 8d 3d bc cb 61
0x00000001061cba64:   00 48 8d 15 e0 cb 61 00 be ef 00 00 00 31 c0 e8
0x00000001061cba74:   7b 97 0a 00 e8 ed 41 45 00 31 c0 5d c3 90 90 90
0x00000001061cba84:   55 48 89 e5 48 8b 07 5d c3 90 90 90 55 48 89 e5
0x00000001061cba94:   48 8b 07 5d c3 90 90 90 55 48 89 e5 48 8b 07 5d
0x00000001061cbaa4:   c3 90 90 90 55 48 89 e5 48 8b 37 48 85 f6 74 10
0x00000001061cbab4:   48 8d 05 85 b7 7e 00 48 8b 38 5d e9 7a 49 4e 00
0x00000001061cbac4:   31 c0 5d c3 55 48 89 e5 41 56 53 49 89 f6 48 89
0x00000001061cbad4:   fb 48 8d 05 9c 24 7f 00 80 38 00 74 07 e8 1a 00
0x00000001061cbae4:   00 00 eb 05 e8 ab ab ff ff 48 89 05 dc 22 7b 00
0x00000001061cbaf4:   48 89 df 4c 89 f6 5b 41 5e 5d ff e0 48 8d 05 39
0x00000001061cbb04:   b7 7e 00 48 8b 00 8b 40 10 ff c8 83 f8 04 73 0e
0x00000001061cbb14:   48 98 48 8d 0d 53 1a 77 00 48 8b 04 c1 c3 55 48
0x00000001061cbb24:   89 e5 48 8d 3d f4 ca 61 00 48 8d 15 18 cb 61 00
0x00000001061cbb34:   be ef 00 00 00 31 c0 e8 b3 96 0a 00 e8 25 41 45
0x00000001061cbb44:   00 31 c0 5d c3 90 90 90 55 48 89 e5 8b 04 37 48
0x00000001061cbb54:   85 c0 74 12 48 8d 15 21 ec 7c 00 8a 4a 08 48 d3
0x00000001061cbb64:   e0 48 03 02 eb 02 31 c0 5d c3 90 90 55 48 89 e5
0x00000001061cbb74:   8b 04 37 48 85 c0 74 12 48 8d 15 fd eb 7c 00 8a
0x00000001061cbb84:   4a 08 48 d3 e0 48 03 02 eb 02 31 c0 5d c3 90 90 


Stack slot to memory mapping:
stack at sp + 0 slots: 0x00007000039f9e90 is pointing into the stack for thread: 0x00007fd7f3016000
stack at sp + 1 slots: 0x00000001063fdec2: jni_GetStringUTFChars+0xe1 in /Library/Java/JavaVirtualMachines/adoptopenjdk-11.jdk/Contents/Home/lib/server/libjvm.dylib at 0x0000000106000000
stack at sp + 2 slots: 0x00007000039f9e30 is pointing into the stack for thread: 0x00007fd7f3016000
stack at sp + 3 slots: 0x00000001063cbc6c: _ZN20ThreadInVMfromNativeD1Ev+0x20 in /Library/Java/JavaVirtualMachines/adoptopenjdk-11.jdk/Contents/Home/lib/server/libjvm.dylib at 0x0000000106000000
stack at sp + 4 slots: 0x00007fd70000000c is an unknown value
stack at sp + 5 slots: 0x0 is NULL
stack at sp + 6 slots: 0x26a81bce7d0c0088 is an unknown value
stack at sp + 7 slots: 0x00007fd7f3016000 is a thread


---------------  P R O C E S S  ---------------

Threads class SMR info:
_java_thread_list=0x00007fd7f262bce0, length=9, elements={
0x00007fd7f3016000, 0x00007fd7f30f2000, 0x00007fd7f30f5000, 0x00007fd7f500e000,
0x00007fd7f3821800, 0x00007fd7f3825800, 0x00007fd7f280a000, 0x00007fd7f500e800,
0x00007fd7f383c800
}

Java Threads: ( => current thread )
=>0x00007fd7f3016000 JavaThread "main" [_thread_in_vm, id=10243, stack(0x00007000038fa000,0x00007000039fa000)]
  0x00007fd7f30f2000 JavaThread "Reference Handler" daemon [_thread_blocked, id=13571, stack(0x000070000400f000,0x000070000410f000)]
  0x00007fd7f30f5000 JavaThread "Finalizer" daemon [_thread_blocked, id=17667, stack(0x0000700004112000,0x0000700004212000)]
  0x00007fd7f500e000 JavaThread "Signal Dispatcher" daemon [_thread_blocked, id=16387, stack(0x000070000431b000,0x000070000441b000)]
  0x00007fd7f3821800 JavaThread "Service Thread" daemon [_thread_blocked, id=43267, stack(0x000070000441e000,0x000070000451e000)]
  0x00007fd7f3825800 JavaThread "C2 CompilerThread0" daemon [_thread_in_native, id=43011, stack(0x0000700004521000,0x0000700004621000)]
  0x00007fd7f280a000 JavaThread "C1 CompilerThread0" daemon [_thread_blocked, id=22787, stack(0x0000700004624000,0x0000700004724000)]
  0x00007fd7f500e800 JavaThread "Sweeper thread" daemon [_thread_blocked, id=42243, stack(0x0000700004727000,0x0000700004827000)]
  0x00007fd7f383c800 JavaThread "Common-Cleaner" daemon [_thread_blocked, id=23811, stack(0x000070000492d000,0x0000700004a2d000)]

Other Threads:
  0x00007fd7f30ec800 VMThread "VM Thread" [stack: 0x0000700003f0c000,0x000070000400c000] [id=13059]
  0x00007fd7f2853800 WatcherThread [stack: 0x000070000482a000,0x000070000492a000] [id=23555]
  0x00007fd7f3024800 GCTaskThread "GC Thread#0" [stack: 0x00007000039fd000,0x0000700003afd000] [id=11779]
  0x00007fd7f3045000 ConcurrentGCThread "G1 Main Marker" [stack: 0x0000700003b00000,0x0000700003c00000] [id=12035]
  0x00007fd7f3046000 ConcurrentGCThread "G1 Conc#0" [stack: 0x0000700003c03000,0x0000700003d03000] [id=12291]
  0x00007fd7f3096800 ConcurrentGCThread "G1 Refine#0" [stack: 0x0000700003d06000,0x0000700003e06000] [id=19715]
  0x00007fd7f3097800 ConcurrentGCThread "G1 Young RemSet Sampling" [stack: 0x0000700003e09000,0x0000700003f09000] [id=19459]

Threads with active compile tasks:
C2 CompilerThread0    641  461       4       java.lang.AbstractStringBuilder::ensureCapacityInternal (39 bytes)

VM state:not at safepoint (normal execution)

VM Mutex/Monitor currently owned by a thread: None

Heap address: 0x0000000780000000, size: 2048 MB, Compressed Oops mode: Zero based, Oop shift amount: 3
Narrow klass base: 0x0000000800000000, Narrow klass shift: 0
Compressed class space size: 1073741824 Address: 0x0000000800000000

Heap:
 garbage-first heap   total 131072K, used 8192K [0x0000000780000000, 0x0000000800000000)
  region size 1024K, 10 young (10240K), 0 survivors (0K)
 Metaspace       used 8761K, capacity 9008K, committed 9344K, reserved 1058816K
  class space    used 767K, capacity 830K, committed 896K, reserved 1048576K
Heap Regions: E=young(eden), S=young(survivor), O=old, HS=humongous(starts), HC=humongous(continues), CS=collection set, F=free, A=archive, TAMS=top-at-mark-start (previous, next)
|   0|0x0000000780000000, 0x0000000780000000, 0x0000000780100000|  0%| F|  |TAMS 0x0000000780000000, 0x0000000780000000| Untracked 
|   1|0x0000000780100000, 0x0000000780100000, 0x0000000780200000|  0%| F|  |TAMS 0x0000000780100000, 0x0000000780100000| Untracked 
|   2|0x0000000780200000, 0x0000000780200000, 0x0000000780300000|  0%| F|  |TAMS 0x0000000780200000, 0x0000000780200000| Untracked 
|   3|0x0000000780300000, 0x0000000780300000, 0x0000000780400000|  0%| F|  |TAMS 0x0000000780300000, 0x0000000780300000| Untracked 
|   4|0x0000000780400000, 0x0000000780400000, 0x0000000780500000|  0%| F|  |TAMS 0x0000000780400000, 0x0000000780400000| Untracked 
|   5|0x0000000780500000, 0x0000000780500000, 0x0000000780600000|  0%| F|  |TAMS 0x0000000780500000, 0x0000000780500000| Untracked 
|   6|0x0000000780600000, 0x0000000780600000, 0x0000000780700000|  0%| F|  |TAMS 0x0000000780600000, 0x0000000780600000| Untracked 
|   7|0x0000000780700000, 0x0000000780700000, 0x0000000780800000|  0%| F|  |TAMS 0x0000000780700000, 0x0000000780700000| Untracked 
|   8|0x0000000780800000, 0x0000000780800000, 0x0000000780900000|  0%| F|  |TAMS 0x0000000780800000, 0x0000000780800000| Untracked 
|   9|0x0000000780900000, 0x0000000780900000, 0x0000000780a00000|  0%| F|  |TAMS 0x0000000780900000, 0x0000000780900000| Untracked 
|  10|0x0000000780a00000, 0x0000000780a00000, 0x0000000780b00000|  0%| F|  |TAMS 0x0000000780a00000, 0x0000000780a00000| Untracked 
|  11|0x0000000780b00000, 0x0000000780b00000, 0x0000000780c00000|  0%| F|  |TAMS 0x0000000780b00000, 0x0000000780b00000| Untracked 
|  12|0x0000000780c00000, 0x0000000780c00000, 0x0000000780d00000|  0%| F|  |TAMS 0x0000000780c00000, 0x0000000780c00000| Untracked 
|  13|0x0000000780d00000, 0x0000000780d00000, 0x0000000780e00000|  0%| F|  |TAMS 0x0000000780d00000, 0x0000000780d00000| Untracked 
|  14|0x0000000780e00000, 0x0000000780e00000, 0x0000000780f00000|  0%| F|  |TAMS 0x0000000780e00000, 0x0000000780e00000| Untracked 
|  15|0x0000000780f00000, 0x0000000780f00000, 0x0000000781000000|  0%| F|  |TAMS 0x0000000780f00000, 0x0000000780f00000| Untracked 
|  16|0x0000000781000000, 0x0000000781000000, 0x0000000781100000|  0%| F|  |TAMS 0x0000000781000000, 0x0000000781000000| Untracked 
|  17|0x0000000781100000, 0x0000000781100000, 0x0000000781200000|  0%| F|  |TAMS 0x0000000781100000, 0x0000000781100000| Untracked 
|  18|0x0000000781200000, 0x0000000781200000, 0x0000000781300000|  0%| F|  |TAMS 0x0000000781200000, 0x0000000781200000| Untracked 
|  19|0x0000000781300000, 0x0000000781300000, 0x0000000781400000|  0%| F|  |TAMS 0x0000000781300000, 0x0000000781300000| Untracked 
|  20|0x0000000781400000, 0x0000000781400000, 0x0000000781500000|  0%| F|  |TAMS 0x0000000781400000, 0x0000000781400000| Untracked 
|  21|0x0000000781500000, 0x0000000781500000, 0x0000000781600000|  0%| F|  |TAMS 0x0000000781500000, 0x0000000781500000| Untracked 
|  22|0x0000000781600000, 0x0000000781600000, 0x0000000781700000|  0%| F|  |TAMS 0x0000000781600000, 0x0000000781600000| Untracked 
|  23|0x0000000781700000, 0x0000000781700000, 0x0000000781800000|  0%| F|  |TAMS 0x0000000781700000, 0x0000000781700000| Untracked 
|  24|0x0000000781800000, 0x0000000781800000, 0x0000000781900000|  0%| F|  |TAMS 0x0000000781800000, 0x0000000781800000| Untracked 
|  25|0x0000000781900000, 0x0000000781900000, 0x0000000781a00000|  0%| F|  |TAMS 0x0000000781900000, 0x0000000781900000| Untracked 
|  26|0x0000000781a00000, 0x0000000781a00000, 0x0000000781b00000|  0%| F|  |TAMS 0x0000000781a00000, 0x0000000781a00000| Untracked 
|  27|0x0000000781b00000, 0x0000000781b00000, 0x0000000781c00000|  0%| F|  |TAMS 0x0000000781b00000, 0x0000000781b00000| Untracked 
|  28|0x0000000781c00000, 0x0000000781c00000, 0x0000000781d00000|  0%| F|  |TAMS 0x0000000781c00000, 0x0000000781c00000| Untracked 
|  29|0x0000000781d00000, 0x0000000781d00000, 0x0000000781e00000|  0%| F|  |TAMS 0x0000000781d00000, 0x0000000781d00000| Untracked 
|  30|0x0000000781e00000, 0x0000000781e00000, 0x0000000781f00000|  0%| F|  |TAMS 0x0000000781e00000, 0x0000000781e00000| Untracked 
|  31|0x0000000781f00000, 0x0000000781f00000, 0x0000000782000000|  0%| F|  |TAMS 0x0000000781f00000, 0x0000000781f00000| Untracked 
|  32|0x0000000782000000, 0x0000000782000000, 0x0000000782100000|  0%| F|  |TAMS 0x0000000782000000, 0x0000000782000000| Untracked 
|  33|0x0000000782100000, 0x0000000782100000, 0x0000000782200000|  0%| F|  |TAMS 0x0000000782100000, 0x0000000782100000| Untracked 
|  34|0x0000000782200000, 0x0000000782200000, 0x0000000782300000|  0%| F|  |TAMS 0x0000000782200000, 0x0000000782200000| Untracked 
|  35|0x0000000782300000, 0x0000000782300000, 0x0000000782400000|  0%| F|  |TAMS 0x0000000782300000, 0x0000000782300000| Untracked 
|  36|0x0000000782400000, 0x0000000782400000, 0x0000000782500000|  0%| F|  |TAMS 0x0000000782400000, 0x0000000782400000| Untracked 
|  37|0x0000000782500000, 0x0000000782500000, 0x0000000782600000|  0%| F|  |TAMS 0x0000000782500000, 0x0000000782500000| Untracked 
|  38|0x0000000782600000, 0x0000000782600000, 0x0000000782700000|  0%| F|  |TAMS 0x0000000782600000, 0x0000000782600000| Untracked 
|  39|0x0000000782700000, 0x0000000782700000, 0x0000000782800000|  0%| F|  |TAMS 0x0000000782700000, 0x0000000782700000| Untracked 
|  40|0x0000000782800000, 0x0000000782800000, 0x0000000782900000|  0%| F|  |TAMS 0x0000000782800000, 0x0000000782800000| Untracked 
|  41|0x0000000782900000, 0x0000000782900000, 0x0000000782a00000|  0%| F|  |TAMS 0x0000000782900000, 0x0000000782900000| Untracked 
|  42|0x0000000782a00000, 0x0000000782a00000, 0x0000000782b00000|  0%| F|  |TAMS 0x0000000782a00000, 0x0000000782a00000| Untracked 
|  43|0x0000000782b00000, 0x0000000782b00000, 0x0000000782c00000|  0%| F|  |TAMS 0x0000000782b00000, 0x0000000782b00000| Untracked 
|  44|0x0000000782c00000, 0x0000000782c00000, 0x0000000782d00000|  0%| F|  |TAMS 0x0000000782c00000, 0x0000000782c00000| Untracked 
|  45|0x0000000782d00000, 0x0000000782d00000, 0x0000000782e00000|  0%| F|  |TAMS 0x0000000782d00000, 0x0000000782d00000| Untracked 
|  46|0x0000000782e00000, 0x0000000782e00000, 0x0000000782f00000|  0%| F|  |TAMS 0x0000000782e00000, 0x0000000782e00000| Untracked 
|  47|0x0000000782f00000, 0x0000000782f00000, 0x0000000783000000|  0%| F|  |TAMS 0x0000000782f00000, 0x0000000782f00000| Untracked 
|  48|0x0000000783000000, 0x0000000783000000, 0x0000000783100000|  0%| F|  |TAMS 0x0000000783000000, 0x0000000783000000| Untracked 
|  49|0x0000000783100000, 0x0000000783100000, 0x0000000783200000|  0%| F|  |TAMS 0x0000000783100000, 0x0000000783100000| Untracked 
|  50|0x0000000783200000, 0x0000000783200000, 0x0000000783300000|  0%| F|  |TAMS 0x0000000783200000, 0x0000000783200000| Untracked 
|  51|0x0000000783300000, 0x0000000783300000, 0x0000000783400000|  0%| F|  |TAMS 0x0000000783300000, 0x0000000783300000| Untracked 
|  52|0x0000000783400000, 0x0000000783400000, 0x0000000783500000|  0%| F|  |TAMS 0x0000000783400000, 0x0000000783400000| Untracked 
|  53|0x0000000783500000, 0x0000000783500000, 0x0000000783600000|  0%| F|  |TAMS 0x0000000783500000, 0x0000000783500000| Untracked 
|  54|0x0000000783600000, 0x0000000783600000, 0x0000000783700000|  0%| F|  |TAMS 0x0000000783600000, 0x0000000783600000| Untracked 
|  55|0x0000000783700000, 0x0000000783700000, 0x0000000783800000|  0%| F|  |TAMS 0x0000000783700000, 0x0000000783700000| Untracked 
|  56|0x0000000783800000, 0x0000000783800000, 0x0000000783900000|  0%| F|  |TAMS 0x0000000783800000, 0x0000000783800000| Untracked 
|  57|0x0000000783900000, 0x0000000783900000, 0x0000000783a00000|  0%| F|  |TAMS 0x0000000783900000, 0x0000000783900000| Untracked 
|  58|0x0000000783a00000, 0x0000000783a00000, 0x0000000783b00000|  0%| F|  |TAMS 0x0000000783a00000, 0x0000000783a00000| Untracked 
|  59|0x0000000783b00000, 0x0000000783b00000, 0x0000000783c00000|  0%| F|  |TAMS 0x0000000783b00000, 0x0000000783b00000| Untracked 
|  60|0x0000000783c00000, 0x0000000783c00000, 0x0000000783d00000|  0%| F|  |TAMS 0x0000000783c00000, 0x0000000783c00000| Untracked 
|  61|0x0000000783d00000, 0x0000000783d00000, 0x0000000783e00000|  0%| F|  |TAMS 0x0000000783d00000, 0x0000000783d00000| Untracked 
|  62|0x0000000783e00000, 0x0000000783e00000, 0x0000000783f00000|  0%| F|  |TAMS 0x0000000783e00000, 0x0000000783e00000| Untracked 
|  63|0x0000000783f00000, 0x0000000783f00000, 0x0000000784000000|  0%| F|  |TAMS 0x0000000783f00000, 0x0000000783f00000| Untracked 
|  64|0x0000000784000000, 0x0000000784000000, 0x0000000784100000|  0%| F|  |TAMS 0x0000000784000000, 0x0000000784000000| Untracked 
|  65|0x0000000784100000, 0x0000000784100000, 0x0000000784200000|  0%| F|  |TAMS 0x0000000784100000, 0x0000000784100000| Untracked 
|  66|0x0000000784200000, 0x0000000784200000, 0x0000000784300000|  0%| F|  |TAMS 0x0000000784200000, 0x0000000784200000| Untracked 
|  67|0x0000000784300000, 0x0000000784300000, 0x0000000784400000|  0%| F|  |TAMS 0x0000000784300000, 0x0000000784300000| Untracked 
|  68|0x0000000784400000, 0x0000000784400000, 0x0000000784500000|  0%| F|  |TAMS 0x0000000784400000, 0x0000000784400000| Untracked 
|  69|0x0000000784500000, 0x0000000784500000, 0x0000000784600000|  0%| F|  |TAMS 0x0000000784500000, 0x0000000784500000| Untracked 
|  70|0x0000000784600000, 0x0000000784600000, 0x0000000784700000|  0%| F|  |TAMS 0x0000000784600000, 0x0000000784600000| Untracked 
|  71|0x0000000784700000, 0x0000000784700000, 0x0000000784800000|  0%| F|  |TAMS 0x0000000784700000, 0x0000000784700000| Untracked 
|  72|0x0000000784800000, 0x0000000784800000, 0x0000000784900000|  0%| F|  |TAMS 0x0000000784800000, 0x0000000784800000| Untracked 
|  73|0x0000000784900000, 0x0000000784900000, 0x0000000784a00000|  0%| F|  |TAMS 0x0000000784900000, 0x0000000784900000| Untracked 
|  74|0x0000000784a00000, 0x0000000784a00000, 0x0000000784b00000|  0%| F|  |TAMS 0x0000000784a00000, 0x0000000784a00000| Untracked 
|  75|0x0000000784b00000, 0x0000000784b00000, 0x0000000784c00000|  0%| F|  |TAMS 0x0000000784b00000, 0x0000000784b00000| Untracked 
|  76|0x0000000784c00000, 0x0000000784c00000, 0x0000000784d00000|  0%| F|  |TAMS 0x0000000784c00000, 0x0000000784c00000| Untracked 
|  77|0x0000000784d00000, 0x0000000784d00000, 0x0000000784e00000|  0%| F|  |TAMS 0x0000000784d00000, 0x0000000784d00000| Untracked 
|  78|0x0000000784e00000, 0x0000000784e00000, 0x0000000784f00000|  0%| F|  |TAMS 0x0000000784e00000, 0x0000000784e00000| Untracked 
|  79|0x0000000784f00000, 0x0000000784f00000, 0x0000000785000000|  0%| F|  |TAMS 0x0000000784f00000, 0x0000000784f00000| Untracked 
|  80|0x0000000785000000, 0x0000000785000000, 0x0000000785100000|  0%| F|  |TAMS 0x0000000785000000, 0x0000000785000000| Untracked 
|  81|0x0000000785100000, 0x0000000785100000, 0x0000000785200000|  0%| F|  |TAMS 0x0000000785100000, 0x0000000785100000| Untracked 
|  82|0x0000000785200000, 0x0000000785200000, 0x0000000785300000|  0%| F|  |TAMS 0x0000000785200000, 0x0000000785200000| Untracked 
|  83|0x0000000785300000, 0x0000000785300000, 0x0000000785400000|  0%| F|  |TAMS 0x0000000785300000, 0x0000000785300000| Untracked 
|  84|0x0000000785400000, 0x0000000785400000, 0x0000000785500000|  0%| F|  |TAMS 0x0000000785400000, 0x0000000785400000| Untracked 
|  85|0x0000000785500000, 0x0000000785500000, 0x0000000785600000|  0%| F|  |TAMS 0x0000000785500000, 0x0000000785500000| Untracked 
|  86|0x0000000785600000, 0x0000000785600000, 0x0000000785700000|  0%| F|  |TAMS 0x0000000785600000, 0x0000000785600000| Untracked 
|  87|0x0000000785700000, 0x0000000785700000, 0x0000000785800000|  0%| F|  |TAMS 0x0000000785700000, 0x0000000785700000| Untracked 
|  88|0x0000000785800000, 0x0000000785800000, 0x0000000785900000|  0%| F|  |TAMS 0x0000000785800000, 0x0000000785800000| Untracked 
|  89|0x0000000785900000, 0x0000000785900000, 0x0000000785a00000|  0%| F|  |TAMS 0x0000000785900000, 0x0000000785900000| Untracked 
|  90|0x0000000785a00000, 0x0000000785a00000, 0x0000000785b00000|  0%| F|  |TAMS 0x0000000785a00000, 0x0000000785a00000| Untracked 
|  91|0x0000000785b00000, 0x0000000785b00000, 0x0000000785c00000|  0%| F|  |TAMS 0x0000000785b00000, 0x0000000785b00000| Untracked 
|  92|0x0000000785c00000, 0x0000000785c00000, 0x0000000785d00000|  0%| F|  |TAMS 0x0000000785c00000, 0x0000000785c00000| Untracked 
|  93|0x0000000785d00000, 0x0000000785d00000, 0x0000000785e00000|  0%| F|  |TAMS 0x0000000785d00000, 0x0000000785d00000| Untracked 
|  94|0x0000000785e00000, 0x0000000785e00000, 0x0000000785f00000|  0%| F|  |TAMS 0x0000000785e00000, 0x0000000785e00000| Untracked 
|  95|0x0000000785f00000, 0x0000000785f00000, 0x0000000786000000|  0%| F|  |TAMS 0x0000000785f00000, 0x0000000785f00000| Untracked 
|  96|0x0000000786000000, 0x0000000786000000, 0x0000000786100000|  0%| F|  |TAMS 0x0000000786000000, 0x0000000786000000| Untracked 
|  97|0x0000000786100000, 0x0000000786100000, 0x0000000786200000|  0%| F|  |TAMS 0x0000000786100000, 0x0000000786100000| Untracked 
|  98|0x0000000786200000, 0x0000000786200000, 0x0000000786300000|  0%| F|  |TAMS 0x0000000786200000, 0x0000000786200000| Untracked 
|  99|0x0000000786300000, 0x0000000786300000, 0x0000000786400000|  0%| F|  |TAMS 0x0000000786300000, 0x0000000786300000| Untracked 
| 100|0x0000000786400000, 0x0000000786400000, 0x0000000786500000|  0%| F|  |TAMS 0x0000000786400000, 0x0000000786400000| Untracked 
| 101|0x0000000786500000, 0x0000000786500000, 0x0000000786600000|  0%| F|  |TAMS 0x0000000786500000, 0x0000000786500000| Untracked 
| 102|0x0000000786600000, 0x0000000786600000, 0x0000000786700000|  0%| F|  |TAMS 0x0000000786600000, 0x0000000786600000| Untracked 
| 103|0x0000000786700000, 0x0000000786700000, 0x0000000786800000|  0%| F|  |TAMS 0x0000000786700000, 0x0000000786700000| Untracked 
| 104|0x0000000786800000, 0x0000000786800000, 0x0000000786900000|  0%| F|  |TAMS 0x0000000786800000, 0x0000000786800000| Untracked 
| 105|0x0000000786900000, 0x0000000786900000, 0x0000000786a00000|  0%| F|  |TAMS 0x0000000786900000, 0x0000000786900000| Untracked 
| 106|0x0000000786a00000, 0x0000000786a00000, 0x0000000786b00000|  0%| F|  |TAMS 0x0000000786a00000, 0x0000000786a00000| Untracked 
| 107|0x0000000786b00000, 0x0000000786b00000, 0x0000000786c00000|  0%| F|  |TAMS 0x0000000786b00000, 0x0000000786b00000| Untracked 
| 108|0x0000000786c00000, 0x0000000786c00000, 0x0000000786d00000|  0%| F|  |TAMS 0x0000000786c00000, 0x0000000786c00000| Untracked 
| 109|0x0000000786d00000, 0x0000000786d00000, 0x0000000786e00000|  0%| F|  |TAMS 0x0000000786d00000, 0x0000000786d00000| Untracked 
| 110|0x0000000786e00000, 0x0000000786e00000, 0x0000000786f00000|  0%| F|  |TAMS 0x0000000786e00000, 0x0000000786e00000| Untracked 
| 111|0x0000000786f00000, 0x0000000786f00000, 0x0000000787000000|  0%| F|  |TAMS 0x0000000786f00000, 0x0000000786f00000| Untracked 
| 112|0x0000000787000000, 0x0000000787000000, 0x0000000787100000|  0%| F|  |TAMS 0x0000000787000000, 0x0000000787000000| Untracked 
| 113|0x0000000787100000, 0x0000000787100000, 0x0000000787200000|  0%| F|  |TAMS 0x0000000787100000, 0x0000000787100000| Untracked 
| 114|0x0000000787200000, 0x0000000787200000, 0x0000000787300000|  0%| F|  |TAMS 0x0000000787200000, 0x0000000787200000| Untracked 
| 115|0x0000000787300000, 0x0000000787300000, 0x0000000787400000|  0%| F|  |TAMS 0x0000000787300000, 0x0000000787300000| Untracked 
| 116|0x0000000787400000, 0x0000000787400000, 0x0000000787500000|  0%| F|  |TAMS 0x0000000787400000, 0x0000000787400000| Untracked 
| 117|0x0000000787500000, 0x0000000787500000, 0x0000000787600000|  0%| F|  |TAMS 0x0000000787500000, 0x0000000787500000| Untracked 
| 118|0x0000000787600000, 0x0000000787700000, 0x0000000787700000|100%| E|  |TAMS 0x0000000787600000, 0x0000000787600000| Complete 
| 119|0x0000000787700000, 0x0000000787800000, 0x0000000787800000|100%| E|CS|TAMS 0x0000000787700000, 0x0000000787700000| Complete 
| 120|0x0000000787800000, 0x0000000787900000, 0x0000000787900000|100%| E|CS|TAMS 0x0000000787800000, 0x0000000787800000| Complete 
| 121|0x0000000787900000, 0x0000000787a00000, 0x0000000787a00000|100%| E|CS|TAMS 0x0000000787900000, 0x0000000787900000| Complete 
| 122|0x0000000787a00000, 0x0000000787b00000, 0x0000000787b00000|100%| E|  |TAMS 0x0000000787a00000, 0x0000000787a00000| Complete 
| 123|0x0000000787b00000, 0x0000000787c00000, 0x0000000787c00000|100%| E|CS|TAMS 0x0000000787b00000, 0x0000000787b00000| Complete 
| 124|0x0000000787c00000, 0x0000000787d00000, 0x0000000787d00000|100%| E|CS|TAMS 0x0000000787c00000, 0x0000000787c00000| Complete 
| 125|0x0000000787d00000, 0x0000000787e00000, 0x0000000787e00000|100%| E|CS|TAMS 0x0000000787d00000, 0x0000000787d00000| Complete 
| 126|0x0000000787e00000, 0x0000000787f00000, 0x0000000787f00000|100%| E|CS|TAMS 0x0000000787e00000, 0x0000000787e00000| Complete 
| 127|0x0000000787f00000, 0x0000000788000000, 0x0000000788000000|100%| E|CS|TAMS 0x0000000787f00000, 0x0000000787f00000| Complete 

Card table byte_map: [0x000000011e4ce000,0x000000011e8ce000] _byte_map_base: 0x000000011a8ce000

Marking Bits (Prev, Next): (CMBitMap*) 0x00007fd7f303c818, (CMBitMap*) 0x00007fd7f303c850
 Prev Bits: [0x000000011ecce000, 0x0000000120cce000)
 Next Bits: [0x0000000120cce000, 0x0000000122cce000)

Polling page: 0x00000001033fb000

Metaspace:

Usage:
  Non-class:      7.99 MB capacity,     7.81 MB ( 98%) used,   178.19 KB (  2%) free+waste,     5.25 KB ( <1%) overhead. 
      Class:    830.00 KB capacity,   767.02 KB ( 92%) used,    60.98 KB (  7%) free+waste,     2.00 KB ( <1%) overhead. 
       Both:      8.80 MB capacity,     8.56 MB ( 97%) used,   239.17 KB (  3%) free+waste,     7.25 KB ( <1%) overhead. 

Virtual space:
  Non-class space:       10.00 MB reserved,       8.25 MB ( 82%) committed 
      Class space:        1.00 GB reserved,     896.00 KB ( <1%) committed 
             Both:        1.01 GB reserved,       9.12 MB ( <1%) committed 

Chunk freelists:
   Non-Class:  122.00 KB
       Class:  2.00 KB
        Both:  124.00 KB

MaxMetaspaceSize: unlimited
CompressedClassSpaceSize: 1.00 GB

CodeHeap 'non-profiled nmethods': size=120032Kb used=131Kb max_used=131Kb free=119900Kb
 bounds [0x0000000116f96000, 0x0000000117206000, 0x000000011e4ce000]
CodeHeap 'profiled nmethods': size=120032Kb used=725Kb max_used=725Kb free=119307Kb
 bounds [0x000000010fa5e000, 0x000000010fcce000, 0x0000000116f96000]
CodeHeap 'non-nmethods': size=5696Kb used=1049Kb max_used=1064Kb free=4646Kb
 bounds [0x000000010f4ce000, 0x000000010f73e000, 0x000000010fa5e000]
 total_blobs=823 nmethods=475 adapters=261
 compilation: enabled
              stopped_count=0, restarted_count=0
 full_count=0

Compilation events (20 events):
Event: 0.611 Thread 0x00007fd7f280a000  466       3       java.lang.ref.Cleaner$1::apply (5 bytes)
Event: 0.611 Thread 0x00007fd7f280a000 nmethod 466 0x000000010fb0ed90 code [0x000000010fb0ef40, 0x000000010fb0f050]
Event: 0.611 Thread 0x00007fd7f280a000  464       1       java.security.ProtectionDomain::getCodeSource (5 bytes)
Event: 0.611 Thread 0x00007fd7f280a000 nmethod 464 0x0000000116fb3610 code [0x0000000116fb37c0, 0x0000000116fb3870]
Event: 0.613 Thread 0x00007fd7f280a000  467       3       java.lang.String::indexOf (18 bytes)
Event: 0.613 Thread 0x00007fd7f280a000 nmethod 467 0x000000010fb0f110 code [0x000000010fb0f2e0, 0x000000010fb0f5a0]
Event: 0.613 Thread 0x00007fd7f280a000  468       3       java.lang.String::indexOf (113 bytes)
Event: 0.614 Thread 0x00007fd7f280a000 nmethod 468 0x000000010fb0f710 code [0x000000010fb0f9a0, 0x000000010fb103a0]
Event: 0.617 Thread 0x00007fd7f280a000  470       3       java.lang.String::toLowerCase (8 bytes)
Event: 0.617 Thread 0x00007fd7f280a000 nmethod 470 0x000000010fb10790 code [0x000000010fb10980, 0x000000010fb10cd0]
Event: 0.617 Thread 0x00007fd7f280a000  471       3       java.util.Locale::getDefault (4 bytes)
Event: 0.617 Thread 0x00007fd7f280a000 nmethod 471 0x000000010fb10e10 code [0x000000010fb10fc0, 0x000000010fb110b0]
Event: 0.617 Thread 0x00007fd7f280a000  472       1       java.net.URLStreamHandler::getDefaultPort (2 bytes)
Event: 0.618 Thread 0x00007fd7f280a000 nmethod 472 0x0000000116fb3d10 code [0x0000000116fb3ec0, 0x0000000116fb3f70]
Event: 0.618 Thread 0x00007fd7f280a000  473   !   3       java.util.zip.Inflater::inflate (418 bytes)
Event: 0.620 Thread 0x00007fd7f280a000 nmethod 473 0x000000010fb11110 code [0x000000010fb113e0, 0x000000010fb126a0]
Event: 0.620 Thread 0x00007fd7f280a000  475       3       java.io.RandomAccessFile::read (8 bytes)
Event: 0.620 Thread 0x00007fd7f280a000 nmethod 475 0x000000010fb13090 code [0x000000010fb13240, 0x000000010fb13360]
Event: 0.625 Thread 0x00007fd7f280a000  478       1       java.lang.reflect.Method::getName (5 bytes)
Event: 0.625 Thread 0x00007fd7f280a000 nmethod 478 0x0000000116fb4410 code [0x0000000116fb45c0, 0x0000000116fb4670]

GC Heap History (0 events):
No events

Deoptimization events (20 events):
Event: 0.608 Thread 0x00007fd7f3016000 DEOPT PACKING pc=0x000000010fae9469 sp=0x00007000039f7620
Event: 0.608 Thread 0x00007fd7f3016000 DEOPT UNPACKING pc=0x000000010f4f40ca sp=0x00007000039f6af8 mode 0
Event: 0.611 Thread 0x00007fd7f3016000 DEOPT PACKING pc=0x000000010fae9469 sp=0x00007000039f7620
Event: 0.611 Thread 0x00007fd7f3016000 DEOPT UNPACKING pc=0x000000010f4f40ca sp=0x00007000039f6af8 mode 0
Event: 0.612 Thread 0x00007fd7f3016000 DEOPT PACKING pc=0x000000010fae9469 sp=0x00007000039f7620
Event: 0.612 Thread 0x00007fd7f3016000 DEOPT UNPACKING pc=0x000000010f4f40ca sp=0x00007000039f6af8 mode 0
Event: 0.616 Thread 0x00007fd7f3016000 DEOPT PACKING pc=0x000000010fae9469 sp=0x00007000039f7620
Event: 0.616 Thread 0x00007fd7f3016000 DEOPT UNPACKING pc=0x000000010f4f40ca sp=0x00007000039f6af8 mode 0
Event: 0.618 Thread 0x00007fd7f3016000 DEOPT PACKING pc=0x000000010fae9469 sp=0x00007000039f8600
Event: 0.618 Thread 0x00007fd7f3016000 DEOPT UNPACKING pc=0x000000010f4f40ca sp=0x00007000039f7ad8 mode 0
Event: 0.620 Thread 0x00007fd7f3016000 DEOPT PACKING pc=0x000000010fae9469 sp=0x00007000039f8600
Event: 0.620 Thread 0x00007fd7f3016000 DEOPT UNPACKING pc=0x000000010f4f40ca sp=0x00007000039f7ad8 mode 0
Event: 0.620 Thread 0x00007fd7f3016000 DEOPT PACKING pc=0x000000010fae9469 sp=0x00007000039f8600
Event: 0.620 Thread 0x00007fd7f3016000 DEOPT UNPACKING pc=0x000000010f4f40ca sp=0x00007000039f7ad8 mode 0
Event: 0.621 Thread 0x00007fd7f3016000 DEOPT PACKING pc=0x000000010fae9469 sp=0x00007000039f8600
Event: 0.621 Thread 0x00007fd7f3016000 DEOPT UNPACKING pc=0x000000010f4f40ca sp=0x00007000039f7ad8 mode 0
Event: 0.621 Thread 0x00007fd7f3016000 DEOPT PACKING pc=0x000000010fae9469 sp=0x00007000039f8600
Event: 0.621 Thread 0x00007fd7f3016000 DEOPT UNPACKING pc=0x000000010f4f40ca sp=0x00007000039f7ad8 mode 0
Event: 0.624 Thread 0x00007fd7f3016000 DEOPT PACKING pc=0x000000010fae9469 sp=0x00007000039f8600
Event: 0.624 Thread 0x00007fd7f3016000 DEOPT UNPACKING pc=0x000000010f4f40ca sp=0x00007000039f7ad8 mode 0

Classes redefined (0 events):
No events

Internal exceptions (20 events):
Event: 0.286 Thread 0x00007fd7f3016000 Exception <a 'java/security/PrivilegedActionException'{0x0000000787d41558}> (0x0000000787d41558) thrown at [./src/hotspot/share/prims/jvm.cpp, line 1306]
Event: 0.286 Thread 0x00007fd7f3016000 Exception <a 'java/security/PrivilegedActionException'{0x0000000787d41828}> (0x0000000787d41828) thrown at [./src/hotspot/share/prims/jvm.cpp, line 1306]
Event: 0.286 Thread 0x00007fd7f3016000 Exception <a 'java/security/PrivilegedActionException'{0x0000000787d422e8}> (0x0000000787d422e8) thrown at [./src/hotspot/share/prims/jvm.cpp, line 1306]
Event: 0.286 Thread 0x00007fd7f3016000 Exception <a 'java/security/PrivilegedActionException'{0x0000000787d425b8}> (0x0000000787d425b8) thrown at [./src/hotspot/share/prims/jvm.cpp, line 1306]
Event: 0.286 Thread 0x00007fd7f3016000 Exception <a 'java/security/PrivilegedActionException'{0x0000000787d430f0}> (0x0000000787d430f0) thrown at [./src/hotspot/share/prims/jvm.cpp, line 1306]
Event: 0.286 Thread 0x00007fd7f3016000 Exception <a 'java/security/PrivilegedActionException'{0x0000000787d433c0}> (0x0000000787d433c0) thrown at [./src/hotspot/share/prims/jvm.cpp, line 1306]
Event: 0.286 Thread 0x00007fd7f3016000 Exception <a 'java/security/PrivilegedActionException'{0x0000000787d43ea0}> (0x0000000787d43ea0) thrown at [./src/hotspot/share/prims/jvm.cpp, line 1306]
Event: 0.286 Thread 0x00007fd7f3016000 Exception <a 'java/security/PrivilegedActionException'{0x0000000787d44170}> (0x0000000787d44170) thrown at [./src/hotspot/share/prims/jvm.cpp, line 1306]
Event: 0.293 Thread 0x00007fd7f3016000 Exception <a 'java/security/PrivilegedActionException'{0x0000000787d7b378}> (0x0000000787d7b378) thrown at [./src/hotspot/share/prims/jvm.cpp, line 1306]
Event: 0.293 Thread 0x00007fd7f3016000 Exception <a 'java/security/PrivilegedActionException'{0x0000000787d7b648}> (0x0000000787d7b648) thrown at [./src/hotspot/share/prims/jvm.cpp, line 1306]
Event: 0.294 Thread 0x00007fd7f3016000 Exception <a 'java/security/PrivilegedActionException'{0x0000000787d7c110}> (0x0000000787d7c110) thrown at [./src/hotspot/share/prims/jvm.cpp, line 1306]
Event: 0.294 Thread 0x00007fd7f3016000 Exception <a 'java/security/PrivilegedActionException'{0x0000000787d7c3e0}> (0x0000000787d7c3e0) thrown at [./src/hotspot/share/prims/jvm.cpp, line 1306]
Event: 0.294 Thread 0x00007fd7f3016000 Exception <a 'java/security/PrivilegedActionException'{0x0000000787d7cea8}> (0x0000000787d7cea8) thrown at [./src/hotspot/share/prims/jvm.cpp, line 1306]
Event: 0.294 Thread 0x00007fd7f3016000 Exception <a 'java/security/PrivilegedActionException'{0x0000000787d7d178}> (0x0000000787d7d178) thrown at [./src/hotspot/share/prims/jvm.cpp, line 1306]
Event: 0.300 Thread 0x00007fd7f3016000 Exception <a 'java/security/PrivilegedActionException'{0x0000000787b51900}> (0x0000000787b51900) thrown at [./src/hotspot/share/prims/jvm.cpp, line 1306]
Event: 0.300 Thread 0x00007fd7f3016000 Exception <a 'java/security/PrivilegedActionException'{0x0000000787b51bd0}> (0x0000000787b51bd0) thrown at [./src/hotspot/share/prims/jvm.cpp, line 1306]
Event: 0.303 Thread 0x00007fd7f3016000 Exception <a 'java/security/PrivilegedActionException'{0x0000000787b70978}> (0x0000000787b70978) thrown at [./src/hotspot/share/prims/jvm.cpp, line 1306]
Event: 0.303 Thread 0x00007fd7f3016000 Exception <a 'java/security/PrivilegedActionException'{0x0000000787b70c48}> (0x0000000787b70c48) thrown at [./src/hotspot/share/prims/jvm.cpp, line 1306]
Event: 0.303 Thread 0x00007fd7f3016000 Exception <a 'java/security/PrivilegedActionException'{0x0000000787b71710}> (0x0000000787b71710) thrown at [./src/hotspot/share/prims/jvm.cpp, line 1306]
Event: 0.303 Thread 0x00007fd7f3016000 Exception <a 'java/security/PrivilegedActionException'{0x0000000787b719e0}> (0x0000000787b719e0) thrown at [./src/hotspot/share/prims/jvm.cpp, line 1306]

Events (20 events):
Event: 0.610 loading class org/eclipse/persistence/internal/libraries/asm/util/CheckAnnotationAdapter
Event: 0.610 loading class org/eclipse/persistence/internal/libraries/asm/util/CheckAnnotationAdapter done
Event: 0.611 loading class org/eclipse/persistence/internal/libraries/asm/FieldVisitor
Event: 0.611 loading class org/eclipse/persistence/internal/libraries/asm/FieldVisitor done
Event: 0.612 loading class org/eclipse/persistence/internal/libraries/asm/util/CheckFieldAdapter
Event: 0.612 loading class org/eclipse/persistence/internal/libraries/asm/util/CheckFieldAdapter done
Event: 0.613 loading class org/eclipse/persistence/internal/libraries/asm/ModuleVisitor
Event: 0.613 loading class org/eclipse/persistence/internal/libraries/asm/ModuleVisitor done
Event: 0.614 loading class org/eclipse/persistence/internal/libraries/asm/util/CheckModuleAdapter
Event: 0.614 loading class org/eclipse/persistence/internal/libraries/asm/util/CheckModuleAdapter done
Event: 0.617 loading class org/eclipse/persistence/internal/libraries/asm/ClassReader
Event: 0.617 loading class org/eclipse/persistence/internal/libraries/asm/ClassReader done
Event: 0.623 loading class java/io/PrintWriter
Event: 0.623 loading class java/io/PrintWriter done
Event: 0.623 loading class org/eclipse/persistence/internal/libraries/asm/TypePath
Event: 0.623 loading class org/eclipse/persistence/internal/libraries/asm/TypePath done
Event: 0.624 loading class org/eclipse/persistence/internal/libraries/asm/Attribute
Event: 0.624 loading class org/eclipse/persistence/internal/libraries/asm/Attribute done
Event: 0.625 loading class java/lang/Class$EnclosingMethodInfo
Event: 0.625 loading class java/lang/Class$EnclosingMethodInfo done


Dynamic libraries:
0x00007fff3505d000 	/System/Library/Frameworks/Cocoa.framework/Versions/A/Cocoa
0x00007fff223d2000 	/System/Library/Frameworks/Security.framework/Versions/A/Security
0x00007fff3326a000 	/System/Library/Frameworks/ApplicationServices.framework/Versions/A/ApplicationServices
0x00007fff2a64f000 	/usr/lib/libz.1.dylib
0x000000010338b000 	/Library/Java/JavaVirtualMachines/adoptopenjdk-11.jdk/Contents/Home/lib/jli/libjli.dylib
0x00007fff2a717000 	/usr/lib/libSystem.B.dylib
0x00007fff22e00000 	/System/Library/Frameworks/AppKit.framework/Versions/C/AppKit
0x00007fff25cbf000 	/System/Library/Frameworks/CoreData.framework/Versions/A/CoreData
0x00007fff2136b000 	/System/Library/Frameworks/Foundation.framework/Versions/C/Foundation
0x00007fff23b49000 	/System/Library/PrivateFrameworks/UIFoundation.framework/Versions/A/UIFoundation
0x00007fff2fd40000 	/System/Library/PrivateFrameworks/RemoteViewServices.framework/Versions/A/RemoteViewServices
0x00007fff28b5b000 	/System/Library/PrivateFrameworks/XCTTargetBootstrap.framework/Versions/A/XCTTargetBootstrap
0x00007fff2b840000 	/usr/lib/libspindump.dylib
0x00007fff23d98000 	/System/Library/Frameworks/UniformTypeIdentifiers.framework/Versions/A/UniformTypeIdentifiers
0x00007fff2735b000 	/usr/lib/libapp_launch_measurement.dylib
0x00007fff2735e000 	/System/Library/PrivateFrameworks/CoreAutoLayout.framework/Versions/A/CoreAutoLayout
0x00007fff284be000 	/System/Library/Frameworks/Metal.framework/Versions/A/Metal
0x00007fff291b8000 	/usr/lib/liblangid.dylib
0x00007fff28b5f000 	/System/Library/PrivateFrameworks/CoreSVG.framework/Versions/A/CoreSVG
0x00007fff24dd7000 	/System/Library/PrivateFrameworks/SkyLight.framework/Versions/A/SkyLight
0x00007fff2513c000 	/System/Library/Frameworks/CoreGraphics.framework/Versions/A/CoreGraphics
0x00007fff30267000 	/System/Library/Frameworks/Accelerate.framework/Versions/A/Accelerate
0x00007fff2b27e000 	/System/Library/PrivateFrameworks/IconServices.framework/Versions/A/IconServices
0x00007fff284a2000 	/System/Library/Frameworks/IOSurface.framework/Versions/A/IOSurface
0x00007fff26647000 	/usr/lib/libDiagnosticMessagesClient.dylib
0x00007fff28b47000 	/System/Library/PrivateFrameworks/DFRFoundation.framework/Versions/A/DFRFoundation
0x00007fff22727000 	/usr/lib/libicucore.A.dylib
0x00007fff2cd87000 	/System/Library/Frameworks/AudioToolbox.framework/Versions/A/AudioToolbox
0x00007fff2c011000 	/System/Library/PrivateFrameworks/DataDetectorsCore.framework/Versions/A/DataDetectorsCore
0x00007fff24d4b000 	/usr/lib/libMobileGestalt.dylib
0x00007fff2884b000 	/System/Library/Frameworks/Carbon.framework/Versions/A/Frameworks/HIToolbox.framework/Versions/A/HIToolbox
0x00007fff26da1000 	/System/Library/Frameworks/QuartzCore.framework/Versions/A/QuartzCore
0x00007fff2fd78000 	/System/Library/Frameworks/Carbon.framework/Versions/A/Frameworks/SpeechRecognition.framework/Versions/A/SpeechRecognition
0x00007fff270c0000 	/System/Library/PrivateFrameworks/CoreUI.framework/Versions/A/CoreUI
0x00007fff21d41000 	/System/Library/Frameworks/CoreAudio.framework/Versions/A/CoreAudio
0x00007fff26732000 	/System/Library/Frameworks/DiskArbitration.framework/Versions/A/DiskArbitration
0x00007fff2bc0e000 	/System/Library/PrivateFrameworks/MultitouchSupport.framework/Versions/A/MultitouchSupport
0x00007fff2c008000 	/System/Library/PrivateFrameworks/InternationalSupport.framework/Versions/A/InternationalSupport
0x00007fff24d4a000 	/usr/lib/libenergytrace.dylib
0x00007fff22cf7000 	/System/Library/Frameworks/IOKit.framework/Versions/A/IOKit
0x00007fff300ab000 	/System/Library/Frameworks/CoreServices.framework/Versions/A/CoreServices
0x00007fff272ed000 	/System/Library/PrivateFrameworks/PerformanceAnalysis.framework/Versions/A/PerformanceAnalysis
0x00007fff6bb5f000 	/System/Library/Frameworks/OpenGL.framework/Versions/A/OpenGL
0x00007fff2c08c000 	/System/Library/PrivateFrameworks/UserActivity.framework/Versions/A/UserActivity
0x00007fff203de000 	/usr/lib/libobjc.A.dylib
0x00007fff257c6000 	/System/Library/Frameworks/ColorSync.framework/Versions/A/ColorSync
0x00007fff205be000 	/System/Library/Frameworks/CoreFoundation.framework/Versions/A/CoreFoundation
0x00007fff28dc6000 	/System/Library/Frameworks/CoreImage.framework/Versions/A/CoreImage
0x00007fff21b5b000 	/System/Library/Frameworks/CoreText.framework/Versions/A/CoreText
0x00007fff28b89000 	/System/Library/Frameworks/ImageIO.framework/Versions/A/ImageIO
0x00007fff2a71d000 	/System/Library/PrivateFrameworks/SoftLinking.framework/Versions/A/SoftLinking
0x00007fff273a6000 	/usr/lib/libxml2.2.dylib
0x00007fff204a4000 	/usr/lib/libc++.1.dylib
0x00007fff2a98e000 	/usr/lib/libcompression.dylib
0x00007fff2bf3a000 	/System/Library/PrivateFrameworks/TextureIO.framework/Versions/A/TextureIO
0x00007fff2afbd000 	/usr/lib/libate.dylib
0x00007fff2a711000 	/usr/lib/system/libcache.dylib
0x00007fff2a6cd000 	/usr/lib/system/libcommonCrypto.dylib
0x00007fff2a6f7000 	/usr/lib/system/libcompiler_rt.dylib
0x00007fff2a6ec000 	/usr/lib/system/libcopyfile.dylib
0x00007fff202ce000 	/usr/lib/system/libcorecrypto.dylib
0x00007fff20399000 	/usr/lib/system/libdispatch.dylib
0x00007fff2054c000 	/usr/lib/system/libdyld.dylib
0x00007fff2a708000 	/usr/lib/system/libkeymgr.dylib
0x00007fff2db1e000 	/usr/lib/system/liblaunch.dylib
0x00007fff2a6ab000 	/usr/lib/system/libmacho.dylib
0x00007fff29ea3000 	/usr/lib/system/libquarantine.dylib
0x00007fff2a705000 	/usr/lib/system/libremovefile.dylib
0x00007fff24da8000 	/usr/lib/system/libsystem_asl.dylib
0x00007fff2027e000 	/usr/lib/system/libsystem_blocks.dylib
0x00007fff2041b000 	/usr/lib/system/libsystem_c.dylib
0x00007fff2a6ff000 	/usr/lib/system/libsystem_collections.dylib
0x00007fff291a9000 	/usr/lib/system/libsystem_configuration.dylib
0x00007fff28491000 	/usr/lib/system/libsystem_containermanager.dylib
0x00007fff2a44e000 	/usr/lib/system/libsystem_coreservices.dylib
0x00007fff22987000 	/usr/lib/system/libsystem_darwin.dylib
0x00007fff2a709000 	/usr/lib/system/libsystem_dnssd.dylib
0x00007fff20418000 	/usr/lib/system/libsystem_featureflags.dylib
0x00007fff20592000 	/usr/lib/system/libsystem_info.dylib
0x00007fff2a662000 	/usr/lib/system/libsystem_m.dylib
0x00007fff2036c000 	/usr/lib/system/libsystem_malloc.dylib
0x00007fff24d3b000 	/usr/lib/system/libsystem_networkextension.dylib
0x00007fff22da6000 	/usr/lib/system/libsystem_notify.dylib
0x00007fff2ffad000 	/usr/lib/system/libsystem_product_info_filter.dylib
0x00007fff291ad000 	/usr/lib/system/libsystem_sandbox.dylib
0x00007fff2a702000 	/usr/lib/system/libsystem_secinit.dylib
0x00007fff20510000 	/usr/lib/system/libsystem_kernel.dylib
0x00007fff20588000 	/usr/lib/system/libsystem_platform.dylib
0x00007fff20540000 	/usr/lib/system/libsystem_pthread.dylib
0x00007fff26483000 	/usr/lib/system/libsystem_symptoms.dylib
0x00007fff202b6000 	/usr/lib/system/libsystem_trace.dylib
0x00007fff2a6d9000 	/usr/lib/system/libunwind.dylib
0x00007fff20280000 	/usr/lib/system/libxpc.dylib
0x00007fff204fa000 	/usr/lib/libc++abi.dylib
0x00007fff2a6e4000 	/usr/lib/liboah.dylib
0x00007fff2ada2000 	/usr/lib/liblzma.5.dylib
0x00007fff2107f000 	/System/Library/Frameworks/SystemConfiguration.framework/Versions/A/SystemConfiguration
0x00007fff2a719000 	/usr/lib/libfakelink.dylib
0x00007fff2489c000 	/System/Library/Frameworks/CFNetwork.framework/Versions/A/CFNetwork
0x00007fff2a859000 	/usr/lib/libarchive.2.dylib
0x00007fff210fd000 	/usr/lib/libCRFSuite.dylib
0x00007fff29eca000 	/usr/lib/libbsm.0.dylib
0x00007fff24215000 	/usr/lib/libnetwork.dylib
0x00007fff2a71e000 	/usr/lib/libpcap.A.dylib
0x00007fff2647c000 	/usr/lib/libdns_services.dylib
0x00007fff2adbb000 	/usr/lib/libcoretls_cfhelpers.dylib
0x00007fff2a958000 	/usr/lib/libapple_nghttp2.dylib
0x00007fff2a6b1000 	/usr/lib/system/libkxld.dylib
0x00007fff260f5000 	/usr/lib/libsqlite3.dylib
0x00007fff2a431000 	/System/Library/PrivateFrameworks/AppleFSCompression.framework/Versions/A/AppleFSCompression
0x00007fff29eb2000 	/usr/lib/libcoretls.dylib
0x00007fff2a989000 	/usr/lib/libpam.2.dylib
0x00007fff2aeb9000 	/usr/lib/libxar.1.dylib
0x00007fff291b4000 	/System/Library/PrivateFrameworks/AppleSystemInfo.framework/Versions/A/AppleSystemInfo
0x00007fff29af4000 	/System/Library/PrivateFrameworks/IOMobileFramebuffer.framework/Versions/A/IOMobileFramebuffer
0x00007fff2a441000 	/usr/lib/libbz2.1.0.dylib
0x00007fff2a756000 	/usr/lib/libiconv.2.dylib
0x00007fff2a6aa000 	/usr/lib/libcharset.1.dylib
0x00007fff27329000 	/System/Library/Frameworks/CoreServices.framework/Versions/A/Frameworks/FSEvents.framework/Versions/A/FSEvents
0x00007fff22991000 	/System/Library/Frameworks/CoreServices.framework/Versions/A/Frameworks/CarbonCore.framework/Versions/A/CarbonCore
0x00007fff26697000 	/System/Library/Frameworks/CoreServices.framework/Versions/A/Frameworks/Metadata.framework/Versions/A/Metadata
0x00007fff2a453000 	/System/Library/Frameworks/CoreServices.framework/Versions/A/Frameworks/OSServices.framework/Versions/A/OSServices
0x00007fff2a8cb000 	/System/Library/Frameworks/CoreServices.framework/Versions/A/Frameworks/SearchKit.framework/Versions/A/SearchKit
0x00007fff26407000 	/System/Library/Frameworks/CoreServices.framework/Versions/A/Frameworks/AE.framework/Versions/A/AE
0x00007fff20a5c000 	/System/Library/Frameworks/CoreServices.framework/Versions/A/Frameworks/LaunchServices.framework/Versions/A/LaunchServices
0x00007fff2ad52000 	/System/Library/Frameworks/CoreServices.framework/Versions/A/Frameworks/DictionaryServices.framework/Versions/A/DictionaryServices
0x00007fff27336000 	/System/Library/Frameworks/CoreServices.framework/Versions/A/Frameworks/SharedFileList.framework/Versions/A/SharedFileList
0x00007fff29ea6000 	/usr/lib/libCheckFix.dylib
0x00007fff24dbf000 	/System/Library/PrivateFrameworks/TCC.framework/Versions/A/TCC
0x00007fff291ba000 	/System/Library/PrivateFrameworks/CoreNLP.framework/Versions/A/CoreNLP
0x00007fff2664a000 	/System/Library/PrivateFrameworks/MetadataUtilities.framework/Versions/A/MetadataUtilities
0x00007fff21132000 	/usr/lib/libmecabra.dylib
0x00007fff2a1b0000 	/System/Library/Frameworks/MLCompute.framework/Versions/A/MLCompute
0x00007fff29edb000 	/usr/lib/libmecab.dylib
0x00007fff29f25000 	/usr/lib/libgermantok.dylib
0x00007fff2a933000 	/usr/lib/libThaiTokenizer.dylib
0x00007fff2aef4000 	/usr/lib/libChineseTokenizer.dylib
0x00007fff2a987000 	/System/Library/Frameworks/MetalPerformanceShaders.framework/Versions/A/MetalPerformanceShaders
0x00007fff26739000 	/System/Library/Frameworks/Accelerate.framework/Versions/A/Frameworks/vImage.framework/Versions/A/vImage
0x00007fff30085000 	/System/Library/Frameworks/Accelerate.framework/Versions/A/Frameworks/vecLib.framework/Versions/A/vecLib
0x00007fff2aeff000 	/System/Library/Frameworks/Accelerate.framework/Versions/A/Frameworks/vecLib.framework/Versions/A/libvMisc.dylib
0x00007fff2990f000 	/System/Library/Frameworks/Accelerate.framework/Versions/A/Frameworks/vecLib.framework/Versions/A/libvDSP.dylib
0x00007fff20d65000 	/System/Library/Frameworks/Accelerate.framework/Versions/A/Frameworks/vecLib.framework/Versions/A/libBLAS.dylib
0x00007fff2a9b4000 	/System/Library/Frameworks/Accelerate.framework/Versions/A/Frameworks/vecLib.framework/Versions/A/libLAPACK.dylib
0x00007fff29f2b000 	/System/Library/Frameworks/Accelerate.framework/Versions/A/Frameworks/vecLib.framework/Versions/A/libLinearAlgebra.dylib
0x00007fff2a970000 	/System/Library/Frameworks/Accelerate.framework/Versions/A/Frameworks/vecLib.framework/Versions/A/libSparseBLAS.dylib
0x00007fff2a9ae000 	/System/Library/Frameworks/Accelerate.framework/Versions/A/Frameworks/vecLib.framework/Versions/A/libQuadrature.dylib
0x00007fff29266000 	/System/Library/Frameworks/Accelerate.framework/Versions/A/Frameworks/vecLib.framework/Versions/A/libBNNS.dylib
0x00007fff21010000 	/System/Library/Frameworks/Accelerate.framework/Versions/A/Frameworks/vecLib.framework/Versions/A/libSparse.dylib
0x00007fff29142000 	/System/Library/Frameworks/MetalPerformanceShaders.framework/Versions/A/Frameworks/MPSCore.framework/Versions/A/MPSCore
0x00007fff2a3a0000 	/System/Library/Frameworks/MetalPerformanceShaders.framework/Versions/A/Frameworks/MPSImage.framework/Versions/A/MPSImage
0x00007fff29f41000 	/System/Library/Frameworks/MetalPerformanceShaders.framework/Versions/A/Frameworks/MPSNeuralNetwork.framework/Versions/A/MPSNeuralNetwork
0x00007fff2a312000 	/System/Library/Frameworks/MetalPerformanceShaders.framework/Versions/A/Frameworks/MPSMatrix.framework/Versions/A/MPSMatrix
0x00007fff2a160000 	/System/Library/Frameworks/MetalPerformanceShaders.framework/Versions/A/Frameworks/MPSRayIntersector.framework/Versions/A/MPSRayIntersector
0x00007fff2a349000 	/System/Library/Frameworks/MetalPerformanceShaders.framework/Versions/A/Frameworks/MPSNDArray.framework/Versions/A/MPSNDArray
0x00007fff20c91000 	/System/Library/PrivateFrameworks/MetalTools.framework/Versions/A/MetalTools
0x00007fff291b2000 	/System/Library/PrivateFrameworks/AggregateDictionary.framework/Versions/A/AggregateDictionary
0x00007fff26617000 	/System/Library/PrivateFrameworks/CoreAnalytics.framework/Versions/A/CoreAnalytics
0x00007fff2a935000 	/System/Library/PrivateFrameworks/AppleSauce.framework/Versions/A/AppleSauce
0x00007fff284b4000 	/System/Library/PrivateFrameworks/IOAccelerator.framework/Versions/A/IOAccelerator
0x00007fff6bb53000 	/System/Library/Frameworks/OpenGL.framework/Versions/A/Libraries/libCoreFSCache.dylib
0x00007fff216ca000 	/System/Library/PrivateFrameworks/LanguageModeling.framework/Versions/A/LanguageModeling
0x00007fff29ae2000 	/System/Library/PrivateFrameworks/CoreEmoji.framework/Versions/A/CoreEmoji
0x00007fff2925f000 	/System/Library/PrivateFrameworks/LinguisticData.framework/Versions/A/LinguisticData
0x00007fff20fc2000 	/System/Library/PrivateFrameworks/Lexicon.framework/Versions/A/Lexicon
0x00007fff2a847000 	/usr/lib/libcmph.dylib
0x00007fff27309000 	/System/Library/Frameworks/OpenDirectory.framework/Versions/A/Frameworks/CFOpenDirectory.framework/Versions/A/CFOpenDirectory
0x00007fff272f9000 	/System/Library/Frameworks/OpenDirectory.framework/Versions/A/OpenDirectory
0x00007fff2adbd000 	/System/Library/PrivateFrameworks/APFS.framework/Versions/A/APFS
0x00007fff29e08000 	/System/Library/Frameworks/SecurityFoundation.framework/Versions/A/SecurityFoundation
0x00007fff2aec7000 	/usr/lib/libutil.dylib
0x00007fff22cbc000 	/System/Library/PrivateFrameworks/CoreServicesStore.framework/Versions/A/CoreServicesStore
0x00007fff29e9e000 	/System/Library/Frameworks/ServiceManagement.framework/Versions/A/ServiceManagement
0x00007fff2aecb000 	/usr/lib/libxslt.1.dylib
0x00007fff29e94000 	/System/Library/PrivateFrameworks/BackgroundTaskManagement.framework/Versions/A/BackgroundTaskManagement
0x00007fff2be84000 	/System/Library/Frameworks/ImageIO.framework/Versions/A/Resources/libRadiance.dylib
0x00007fff2be8e000 	/System/Library/Frameworks/ImageIO.framework/Versions/A/Resources/libJPEG.dylib
0x00007fff2bdd8000 	/System/Library/Frameworks/ImageIO.framework/Versions/A/Resources/libPng.dylib
0x00007fff2bdff000 	/System/Library/Frameworks/ImageIO.framework/Versions/A/Resources/libTIFF.dylib
0x00007fff2bee3000 	/System/Library/Frameworks/ImageIO.framework/Versions/A/Resources/libGIF.dylib
0x00007fff2bb2a000 	/System/Library/Frameworks/ImageIO.framework/Versions/A/Resources/libJP2.dylib
0x00007fff2b246000 	/usr/lib/libexpat.1.dylib
0x00007fff2bae0000 	/System/Library/PrivateFrameworks/AppleJPEG.framework/Versions/A/AppleJPEG
0x00007fff286ea000 	/System/Library/PrivateFrameworks/FontServices.framework/libFontParser.dylib
0x00007fff263be000 	/System/Library/PrivateFrameworks/RunningBoardServices.framework/Versions/A/RunningBoardServices
0x00007fff2bc0a000 	/System/Library/PrivateFrameworks/WatchdogClient.framework/Versions/A/WatchdogClient
0x00007fff217b3000 	/System/Library/Frameworks/CoreDisplay.framework/Versions/A/CoreDisplay
0x00007fff285ff000 	/System/Library/Frameworks/CoreMedia.framework/Versions/A/CoreMedia
0x00007fff27489000 	/System/Library/Frameworks/CoreVideo.framework/Versions/A/CoreVideo
0x00007fff2bc45000 	/System/Library/Frameworks/VideoToolbox.framework/Versions/A/VideoToolbox
0x00007fff2633e000 	/System/Library/PrivateFrameworks/BaseBoard.framework/Versions/A/BaseBoard
0x00007fff2b38a000 	/System/Library/PrivateFrameworks/PersistentConnection.framework/Versions/A/PersistentConnection
0x00007fff260df000 	/System/Library/PrivateFrameworks/ProtocolBuffer.framework/Versions/A/ProtocolBuffer
0x00007fff26326000 	/System/Library/PrivateFrameworks/CommonUtilities.framework/Versions/A/CommonUtilities
0x00007fff2baa3000 	/System/Library/PrivateFrameworks/Bom.framework/Versions/A/Bom
0x00007fff2be7c000 	/System/Library/PrivateFrameworks/GPUWrangler.framework/Versions/A/GPUWrangler
0x00007fff2be5f000 	/System/Library/PrivateFrameworks/IOPresentment.framework/Versions/A/IOPresentment
0x00007fff2be88000 	/System/Library/PrivateFrameworks/DSExternalDisplay.framework/Versions/A/DSExternalDisplay
0x00007fff2bee8000 	/System/Library/PrivateFrameworks/CMCaptureCore.framework/Versions/A/CMCaptureCore
0x00007fff2b826000 	/System/Library/PrivateFrameworks/AppServerSupport.framework/Versions/A/AppServerSupport
0x00007fff2d8c1000 	/System/Library/PrivateFrameworks/perfdata.framework/Versions/A/perfdata
0x00007fff29df7000 	/System/Library/PrivateFrameworks/AssertionServices.framework/Versions/A/AssertionServices
0x00007fff218ea000 	/System/Library/PrivateFrameworks/AudioToolboxCore.framework/Versions/A/AudioToolboxCore
0x00007fff285e2000 	/System/Library/PrivateFrameworks/caulk.framework/Versions/A/caulk
0x00007fff3ccf9000 	/System/Library/PrivateFrameworks/SystemPolicy.framework/Versions/A/SystemPolicy
0x00007fff2b055000 	/usr/lib/libIOReport.dylib
0x00007fff2d0fd000 	/usr/lib/libSMC.dylib
0x00007fff2bda4000 	/usr/lib/libAudioToolboxUtility.dylib
0x00007fff3d653000 	/usr/lib/libmis.dylib
0x00007fff6bbaf000 	/System/Library/Frameworks/OpenGL.framework/Versions/A/Libraries/libGLU.dylib
0x00007fff6bb72000 	/System/Library/Frameworks/OpenGL.framework/Versions/A/Libraries/libGFXShared.dylib
0x00007fff6bd80000 	/System/Library/Frameworks/OpenGL.framework/Versions/A/Libraries/libGL.dylib
0x00007fff6bb7b000 	/System/Library/Frameworks/OpenGL.framework/Versions/A/Libraries/libGLImage.dylib
0x00007fff6bb6f000 	/System/Library/Frameworks/OpenGL.framework/Versions/A/Libraries/libCVMSPluginSupport.dylib
0x00007fff6bb5a000 	/System/Library/Frameworks/OpenGL.framework/Versions/A/Libraries/libCoreVMClient.dylib
0x00007fff6d1ca000 	/System/Library/Frameworks/OpenCL.framework/Versions/A/OpenCL
0x00007fff2b3b3000 	/System/Library/PrivateFrameworks/GraphVisualizer.framework/Versions/A/GraphVisualizer
0x00007fff2b3c2000 	/System/Library/PrivateFrameworks/FaceCore.framework/Versions/A/FaceCore
0x00007fff2b7de000 	/System/Library/PrivateFrameworks/OTSVG.framework/Versions/A/OTSVG
0x00007fff2707e000 	/System/Library/Frameworks/ApplicationServices.framework/Versions/A/Frameworks/ATS.framework/Versions/A/Resources/libFontRegistry.dylib
0x00007fff2b82d000 	/System/Library/PrivateFrameworks/FontServices.framework/libhvf.dylib
0x00007fff2b1f2000 	/System/Library/PrivateFrameworks/AppleVA.framework/Versions/A/AppleVA
0x00007fff2cf45000 	/System/Library/Frameworks/ApplicationServices.framework/Versions/A/Frameworks/ATS.framework/Versions/A/ATS
0x00007fff2d258000 	/System/Library/Frameworks/ApplicationServices.framework/Versions/A/Frameworks/ColorSyncLegacy.framework/Versions/A/ColorSyncLegacy
0x00007fff258bd000 	/System/Library/Frameworks/ApplicationServices.framework/Versions/A/Frameworks/HIServices.framework/Versions/A/HIServices
0x00007fff2d23d000 	/System/Library/Frameworks/ApplicationServices.framework/Versions/A/Frameworks/LangAnalysis.framework/Versions/A/LangAnalysis
0x00007fff2bef2000 	/System/Library/Frameworks/ApplicationServices.framework/Versions/A/Frameworks/PrintCore.framework/Versions/A/PrintCore
0x00007fff2d260000 	/System/Library/Frameworks/ApplicationServices.framework/Versions/A/Frameworks/QD.framework/Versions/A/QD
0x00007fff2cf35000 	/System/Library/Frameworks/ApplicationServices.framework/Versions/A/Frameworks/SpeechSynthesis.framework/Versions/A/SpeechSynthesis
0x00007fff2beb3000 	/System/Library/Frameworks/ApplicationServices.framework/Versions/A/Frameworks/ATSUI.framework/Versions/A/ATSUI
0x00007fff2d1dd000 	/usr/lib/libcups.2.dylib
0x00007fff2d24d000 	/System/Library/PrivateFrameworks/NetAuth.framework/Versions/A/NetAuth
0x00007fff2d8dc000 	/System/Library/Frameworks/Kerberos.framework/Versions/A/Kerberos
0x00007fff2d8ec000 	/System/Library/Frameworks/GSS.framework/Versions/A/GSS
0x00007fff2cfb2000 	/usr/lib/libresolv.9.dylib
0x00007fff2b843000 	/System/Library/PrivateFrameworks/Heimdal.framework/Versions/A/Heimdal
0x00007fff3357f000 	/System/Library/Frameworks/Kerberos.framework/Versions/A/Libraries/libHeimdalProxy.dylib
0x00007fff2648b000 	/System/Library/Frameworks/Network.framework/Versions/A/Network
0x00007fff2b25f000 	/usr/lib/libheimdal-asn1.dylib
0x00007fff2d93d000 	/System/Library/PrivateFrameworks/CommonAuth.framework/Versions/A/CommonAuth
0x00007fff274d7000 	/System/Library/PrivateFrameworks/login.framework/Versions/A/Frameworks/loginsupport.framework/Versions/A/loginsupport
0x00007fff2cebc000 	/System/Library/PrivateFrameworks/AudioSession.framework/Versions/A/AudioSession
0x00007fff2cf22000 	/usr/lib/libAudioStatistics.dylib
0x00007fff2b2eb000 	/System/Library/PrivateFrameworks/MediaExperience.framework/Versions/A/MediaExperience
0x00007fff2cd55000 	/System/Library/PrivateFrameworks/AudioSession.framework/libSessionUtility.dylib
0x00007fff2d8cd000 	/usr/lib/libperfcheck.dylib
0x00007fff2d26c000 	/System/Library/PrivateFrameworks/AudioResourceArbitration.framework/Versions/A/AudioResourceArbitration
0x00007fff2b269000 	/System/Library/PrivateFrameworks/IconFoundation.framework/Versions/A/IconFoundation
0x00007fff2fd68000 	/System/Library/PrivateFrameworks/SpeechRecognitionCore.framework/Versions/A/SpeechRecognitionCore
0x0000000106000000 	/Library/Java/JavaVirtualMachines/adoptopenjdk-11.jdk/Contents/Home/lib/server/libjvm.dylib
0x00000001033b1000 	/Library/Java/JavaVirtualMachines/adoptopenjdk-11.jdk/Contents/Home/lib/libverify.dylib
0x00000001033c2000 	/Library/Java/JavaVirtualMachines/adoptopenjdk-11.jdk/Contents/Home/lib/libjava.dylib
0x00000001033ef000 	/Library/Java/JavaVirtualMachines/adoptopenjdk-11.jdk/Contents/Home/lib/libjimage.dylib
0x0000000103445000 	/Library/Java/JavaVirtualMachines/adoptopenjdk-11.jdk/Contents/Home/lib/libzip.dylib
0x0000000103a89000 	/Library/Java/JavaVirtualMachines/adoptopenjdk-11.jdk/Contents/Home/lib/libnio.dylib
0x0000000103a9c000 	/Library/Java/JavaVirtualMachines/adoptopenjdk-11.jdk/Contents/Home/lib/libnet.dylib
0x0000000103ab5000 	/Library/Java/JavaVirtualMachines/adoptopenjdk-11.jdk/Contents/Home/lib/libsunec.dylib


VM Arguments:
jvm_args: -Dfile.encoding=UTF-8 
java_command: org.eclipse.persistence.internal.libraries.asm.util.CheckClassAdapter$1
java_class_path (initial): /Users/carloscampos/Documents/workspace-spring-tool-suite-4-4.11.0.RELEASE/pronet-ws-soap/target/classes:/Applications/SpringToolSuite4.app/Contents/Eclipse/plugins/org.junit_4.13.0.v20200204-1500.jar:/Applications/SpringToolSuite4.app/Contents/Eclipse/plugins/org.hamcrest.core_1.3.0.v20180420-1519.jar:/Users/carloscampos/.m2/repository/javax/xml/ws/jaxws-api/2.3.1/jaxws-api-2.3.1.jar:/Users/carloscampos/.m2/repository/javax/xml/bind/jaxb-api/2.3.1/jaxb-api-2.3.1.jar:/Users/carloscampos/.m2/repository/javax/activation/javax.activation-api/1.2.0/javax.activation-api-1.2.0.jar:/Users/carloscampos/.m2/repository/javax/xml/soap/javax.xml.soap-api/1.4.0/javax.xml.soap-api-1.4.0.jar:/Users/carloscampos/.m2/repository/javax/annotation/javax.annotation-api/1.3.2/javax.annotation-api-1.3.2.jar:/Users/carloscampos/.m2/repository/jakarta/annotation/jakarta.annotation-api/1.3.4/jakarta.annotation-api-1.3.4.jar:/Users/carloscampos/.m2/repository/com/sun/xml/ws/jaxws-rt/2.3.2/jaxws-rt-2.3.2.jar:/Users/carloscampos/.m2/repository/org/glassfish/jaxb/jaxb-runtime/2.3.2/jaxb-runtime-2.3.2.jar:/Users/carloscampos/.m2/repository/org/glassfish/jaxb/txw2/2.3.2/txw2-2.3.2.jar:/Users/carloscampos/.m2/repository/com/sun/istack/istack-commons-runtime/3.0.8/istack-commons-runtime-3.0.8.jar:/Users/carloscampos/.m2/repository/com/sun/xml/ws/policy/2.7.6/policy-2.7.6.jar:/Users/carloscampos/.m2/repository/org/glassfish/gmbal/gmbal/4.0.0/gmbal-4.0.0.jar:/Users/carloscampos/.m2/repository/org/glassfish/external/management-api/3.2.1/management-api-3.2.1.jar:/Users/carloscampos/.m2/repository/org/glassfish/pfl/pfl-basic/4.0.1/pfl-basic-4.0.1.jar:/Users/carloscampos/.m2/repository/org/glassfish/pfl/pfl-tf/4.0.1/pfl-tf-4.0.1.jar:/Users/carloscampos/.m2/repository/org/glassfish/pfl/pfl-asm/4.0.1/pfl-asm-4.0.1.jar:/Users/carloscampos/.m2/repository/org/glassfish/pfl/pfl-dynamic/4.0.1/pfl-dynamic-4.0.1.jar:/Users/carloscampos/.m2/repository/org/glassfish/pfl/pfl-basic-tools/4
Launcher Type: SUN_STANDARD

[Global flags]
     intx CICompilerCount                          = 3                                         {product} {ergonomic}
     uint ConcGCThreads                            = 1                                         {product} {ergonomic}
     uint G1ConcRefinementThreads                  = 4                                         {product} {ergonomic}
   size_t G1HeapRegionSize                         = 1048576                                   {product} {ergonomic}
    uintx GCDrainStackTargetSize                   = 64                                        {product} {ergonomic}
   size_t InitialHeapSize                          = 134217728                                 {product} {ergonomic}
   size_t MarkStackSize                            = 4194304                                   {product} {ergonomic}
   size_t MaxHeapSize                              = 2147483648                                {product} {ergonomic}
   size_t MaxNewSize                               = 1287651328                                {product} {ergonomic}
   size_t MinHeapDeltaBytes                        = 1048576                                   {product} {ergonomic}
    uintx NonNMethodCodeHeapSize                   = 5830732                                {pd product} {ergonomic}
    uintx NonProfiledCodeHeapSize                  = 122913754                              {pd product} {ergonomic}
    uintx ProfiledCodeHeapSize                     = 122913754                              {pd product} {ergonomic}
    uintx ReservedCodeCacheSize                    = 251658240                              {pd product} {ergonomic}
     bool SegmentedCodeCache                       = true                                      {product} {ergonomic}
     bool UseCompressedClassPointers               = true                                 {lp64_product} {ergonomic}
     bool UseCompressedOops                        = true                                 {lp64_product} {ergonomic}
     bool UseG1GC                                  = true                                      {product} {ergonomic}

Logging:
Log output configuration:
 #0: stdout all=warning uptime,level,tags
 #1: stderr all=off uptime,level,tags

Environment Variables:
PATH=/usr/bin:/bin:/usr/sbin:/sbin
SHELL=/bin/zsh

Signal Handlers:
SIGSEGV: [libjvm.dylib+0x7bc7ea], sa_mask[0]=11111111011111110111111111111111, sa_flags=SA_ONSTACK|SA_RESTART|SA_SIGINFO
SIGBUS: [libjvm.dylib+0x7bc7ea], sa_mask[0]=11111111011111110111111111111111, sa_flags=SA_RESTART|SA_SIGINFO
SIGFPE: [libjvm.dylib+0x7bc7ea], sa_mask[0]=11111111011111110111111111111111, sa_flags=SA_RESTART|SA_SIGINFO
SIGPIPE: [libjvm.dylib+0x62226b], sa_mask[0]=11111111011111110111111111111111, sa_flags=SA_RESTART|SA_SIGINFO
SIGXFSZ: [libjvm.dylib+0x62226b], sa_mask[0]=11111111011111110111111111111111, sa_flags=SA_RESTART|SA_SIGINFO
SIGILL: [libjvm.dylib+0x7bc7ea], sa_mask[0]=11111111011111110111111111111111, sa_flags=SA_RESTART|SA_SIGINFO
SIGUSR2: [libjvm.dylib+0x622853], sa_mask[0]=00100000000000000000000000000000, sa_flags=SA_RESTART|SA_SIGINFO
SIGHUP: [libjvm.dylib+0x6213f1], sa_mask[0]=11111111011111110111111111111111, sa_flags=SA_RESTART|SA_SIGINFO
SIGINT: [libjvm.dylib+0x6213f1], sa_mask[0]=11111111011111110111111111111111, sa_flags=SA_RESTART|SA_SIGINFO
SIGTERM: [libjvm.dylib+0x6213f1], sa_mask[0]=11111111011111110111111111111111, sa_flags=SA_RESTART|SA_SIGINFO
SIGQUIT: [libjvm.dylib+0x6213f1], sa_mask[0]=11111111011111110111111111111111, sa_flags=SA_RESTART|SA_SIGINFO


---------------  S Y S T E M  ---------------

OS:uname:Darwin 20.5.0 Darwin Kernel Version 20.5.0: Sat May  8 05:10:33 PDT 2021; root:xnu-7195.121.3~9/RELEASE_X86_64 x86_64
OS uptime: 0 days 0:35 hours
rlimit (soft/hard): STACK 8192k/65532k , CORE 0k/infinity , NPROC 1392/2088 , NOFILE 10240/infinity , AS infinity/infinity , CPU infinity/infinity , DATA infinity/infinity , FSIZE infinity/infinity , MEMLOCK infinity/infinity , RSS infinity/infinity
load average:3.17 2.71 2.73

CPU:total 4 (initial active 4) (2 cores per cpu, 2 threads per core) family 6 model 61 stepping 4 microcode 0x2f, cmov, cx8, fxsr, mmx, sse, sse2, sse3, ssse3, sse4.1, sse4.2, popcnt, avx, avx2, aes, clmul, erms, 3dnowpref, lzcnt, ht, tsc, tscinvbit, bmi1, bmi2, adx, fma

Memory: 4k page, physical 8388608k(26416k free), swap 1048576k(1048064k free)

vm_info: OpenJDK 64-Bit Server VM (11.0.11+9) for bsd-amd64 JRE (11.0.11+9), built on Apr 20 2021 22:06:18 by "jenkins" with gcc 4.2.1 Compatible Apple LLVM 10.0.1 (clang-1001.0.46.4)

END.
